POST /api/user/teacher 500 1099 - 12.237 ms
POST /api/user/teacher 500 1099 - 1.779 ms
POST /api/user/teacher 500 1099 - 11.746 ms 1648831334447
POST /api/user/teacher 500 1099 - 10.791 ms Fri Apr 01 2022 18:44:36 GMT+0200 (Central European Summer Time)
POST /api/user/teacher 500 1099 - 12.292 ms Fri Apr 01 2022 18:49:14 GMT+0200 (Central European Summer Time)
POST /api/user/teacher 200 1326 - 45.272 ms Fri Apr 01 2022 18:50:41 GMT+0200 (Central European Summer Time)
POST /api/user/teacher 404 224 - 41.722 ms Fri Apr 01 2022 18:59:19 GMT+0200 (Central European Summer Time)
POST /api/user/teacher 200 436 - 62.340 ms Fri Apr 01 2022 19:00:38 GMT+0200 (Central European Summer Time)
POST /api/user/teacher 404 236 - 48.137 ms Fri Apr 01 2022 19:02:31 GMT+0200 (Central European Summer Time)
POST /api/user/teacher 200 436 - 38.351 ms Fri Apr 01 2022 19:02:55 GMT+0200 (Central European Summer Time)
POST /api/user/teacher 200 309 - 33010.213 ms Fri Apr 01 2022 19:05:50 GMT+0200 (Central European Summer Time)
POST /api/user/teacher 404 463 - 42748.573 ms Fri Apr 01 2022 19:10:14 GMT+0200 (Central European Summer Time)
POST /api/user/teacher 404 463 - 163393.139 ms Fri Apr 01 2022 19:14:02 GMT+0200 (Central European Summer Time)
POST /api/user/teacher 404 236 - 5144.765 ms Fri Apr 01 2022 19:16:35 GMT+0200 (Central European Summer Time)
POST /api/user/teacher 404 225 - 43.786 ms Fri Apr 01 2022 19:18:48 GMT+0200 (Central European Summer Time)
POST /api/user/teacher 404 225 - 42.989 ms Fri Apr 01 2022 19:23:09 GMT+0200 (Central European Summer Time)
DELETE /api/user/teacher/624730bfe173ae2320895064 200 326 - 48.056 ms Fri Apr 01 2022 19:26:45 GMT+0200 (Central European Summer Time)
DELETE /api/user/teacher/624730bfe173ae2320895064 200 99 - 37.095 ms Fri Apr 01 2022 19:28:32 GMT+0200 (Central European Summer Time)
DELETE /api/user/teacher/624730bfe173ae2320895064 200 99 - 46.373 ms Fri Apr 01 2022 19:29:11 GMT+0200 (Central European Summer Time)
DELETE /api/user/teacher/624730bfe173ae2320895064 200 99 - 34.328 ms Fri Apr 01 2022 19:29:14 GMT+0200 (Central European Summer Time)
DELETE /api/user/teacher/624730bfe173ae2320895064 400 100 - 36.877 ms Fri Apr 01 2022 19:32:32 GMT+0200 (Central European Summer Time)
DELETE /api/user/teacher/624730bfe173ae2320895064 400 74 - 39.010 ms Fri Apr 01 2022 19:33:23 GMT+0200 (Central European Summer Time)
DELETE /api/user/teacher/624730bfe173ae2320895064 400 74 - 36.599 ms Fri Apr 01 2022 19:34:22 GMT+0200 (Central European Summer Time)
DELETE /api/user/teacher/ali.sbiaazayen@gmail.com 400 74 - 48.994 ms Fri Apr 01 2022 20:58:00 GMT+0200 (Central European Summer Time)
POST /api/user/teacher 200 309 - 81.778 ms Fri Apr 01 2022 20:58:08 GMT+0200 (Central European Summer Time)
DELETE /api/user/teacher/ali.sbiaazayen@gmail.com 200 326 - 48.235 ms Fri Apr 01 2022 20:58:13 GMT+0200 (Central European Summer Time)
DELETE /api/user/teacher/ali.sbiaazayen@gmail.co 400 74 - 54.774 ms Fri Apr 01 2022 22:16:39 GMT+0200 (Central European Summer Time)
DELETE /api/user/teacher/ali.sbiaazayen@gmail.com 400 74 - 58.793 ms Fri Apr 01 2022 22:16:45 GMT+0200 (Central European Summer Time)
POST /api/user/teacher 200 309 - 57.730 ms Fri Apr 01 2022 22:16:49 GMT+0200 (Central European Summer Time)
POST /api/user/teacher 404 225 - 35.382 ms Fri Apr 01 2022 22:16:53 GMT+0200 (Central European Summer Time)
DELETE /api/user/teacher/ali.sbiaazayen@gmail.com 200 326 - 51.596 ms Fri Apr 01 2022 22:17:03 GMT+0200 (Central European Summer Time)
PUT /api/user/teacher/ali.sbiaazayen@gmail.com 200 7 - 5.006 ms Fri Apr 01 2022 22:18:03 GMT+0200 (Central European Summer Time)
PUT /api/user/teacher/ali.sbiaazayen@gmail.com 200 7 - 4.805 ms Fri Apr 01 2022 22:19:50 GMT+0200 (Central European Summer Time)
PUT /api/user/teacher/ali.sbiaazayen@gmail.com 200 7 - 5.031 ms Fri Apr 01 2022 22:20:31 GMT+0200 (Central European Summer Time)
PUT /api/user/teacher/ali.sbiaazayen@gmail.com 200 7 - 4.962 ms Fri Apr 01 2022 22:22:05 GMT+0200 (Central European Summer Time)
PUT /api/user/teacher/ali.sbiaazayen@gmail.com 200 7 - 16048.807 ms Fri Apr 01 2022 22:22:59 GMT+0200 (Central European Summer Time)
PUT /api/user/teacher/ali.sbiaazayen@gmail.com 200 7 - 4.457 ms Fri Apr 01 2022 22:29:01 GMT+0200 (Central European Summer Time)
PUT /api/user/teacher/ali.sbiaazayen@gmail.com 200 7 - 5.087 ms Fri Apr 01 2022 22:35:05 GMT+0200 (Central European Summer Time)
PUT /api/user/teacher/ali.sbiaazayen@gmail.com 200 7 - 0.727 ms Fri Apr 01 2022 22:35:12 GMT+0200 (Central European Summer Time)
PUT /api/user/teacher/ali.sbiaazayen@gmail.com 200 7 - 193964.455 ms Fri Apr 01 2022 22:39:14 GMT+0200 (Central European Summer Time)
PUT /api/user/teacher/ali.sbiaazayen@gmail.com 200 7 - 8012.053 ms Fri Apr 01 2022 22:41:09 GMT+0200 (Central European Summer Time)
PUT /api/user/teacher/ali.sbiaazayen@gmail.com 200 7 - 3.788 ms Fri Apr 01 2022 22:41:50 GMT+0200 (Central European Summer Time)
PUT /api/user/teacher/ali.sbiaazayen@gmail.com 200 7 - 4.489 ms Fri Apr 01 2022 22:42:17 GMT+0200 (Central European Summer Time)
PUT /api/user/teacher/ali.sbiaazayen@gmail.com 200 7 - 4.124 ms Fri Apr 01 2022 22:44:26 GMT+0200 (Central European Summer Time)
PUT /api/user/teacher/ali.sbiaazayen@gmail.com 200 7 - 3.980 ms Fri Apr 01 2022 22:46:40 GMT+0200 (Central European Summer Time)
PUT /api/user/teacher/ali.sbiaazayen@gmail.com 404 77 - 38.844 ms Fri Apr 01 2022 23:01:14 GMT+0200 (Central European Summer Time)
POST /api/user/teacher 200 309 - 70.525 ms Fri Apr 01 2022 23:01:23 GMT+0200 (Central European Summer Time)
PUT /api/user/teacher/ali.sbiaazayen@gmail.com 200 295 - 29.261 ms Fri Apr 01 2022 23:01:26 GMT+0200 (Central European Summer Time)
PUT /api/user/teacher/ali.sbiaazayen@gmail.com 200 321 - 252.244 ms Fri Apr 01 2022 23:16:16 GMT+0200 (Central European Summer Time)
PUT /api/user/teacher/ali.sbiaazayen@gmail.com 200 321 - 68.152 ms Fri Apr 01 2022 23:16:34 GMT+0200 (Central European Summer Time)
PUT /api/user/teacher/ali.sbiaazayen@gmail.com 200 321 - 24220.367 ms Fri Apr 01 2022 23:18:41 GMT+0200 (Central European Summer Time)
PUT /api/user/teacher/ali.sbiaazayen@gmail.com 400 833 - 132.895 ms Fri Apr 01 2022 23:28:12 GMT+0200 (Central European Summer Time)
PUT /api/user/teacher/ali.sbiaazayen@gmail.com 400 840 - 474.731 ms Fri Apr 01 2022 23:28:37 GMT+0200 (Central European Summer Time)
PUT /api/user/teacher/ali.sbiaazayen@gmail.com 200 321 - 130.760 ms Fri Apr 01 2022 23:57:23 GMT+0200 (Central European Summer Time)
PUT /api/user/teacher/ali.sbiaazayen@gmail.com 200 321 - 75.279 ms Fri Apr 01 2022 23:57:41 GMT+0200 (Central European Summer Time)
PUT /api/user/teacher/ali.sbiaazayen@gmail.com 200 321 - 109.348 ms Sat Apr 02 2022 00:04:23 GMT+0200 (Central European Summer Time)
PUT /api/user/teacher/ali.sbiaazayen@gmail.com 200 321 - 68.752 ms Sat Apr 02 2022 00:04:25 GMT+0200 (Central European Summer Time)
PUT /api/user/teacher/ali.sbiaazayen@gmail.com 200 321 - 44271.714 ms Sat Apr 02 2022 00:08:46 GMT+0200 (Central European Summer Time)
PUT /api/user/teacher/ali.sbiaazayen@gmail.com 400 65 - 21336.522 ms Sat Apr 02 2022 00:11:56 GMT+0200 (Central European Summer Time)
PUT /api/user/teacher/ali.sbiaazayen@gmail.com 400 87 - 37.439 ms Sat Apr 02 2022 00:15:12 GMT+0200 (Central European Summer Time)
PUT /api/user/teacher/ali.sbiaazayen@gmail.com 400 84 - 62.834 ms Sat Apr 02 2022 00:15:44 GMT+0200 (Central European Summer Time)
PUT /api/user/teacher/ali.sbiaazayen@gmail.com 400 84 - 37.011 ms Sat Apr 02 2022 00:18:21 GMT+0200 (Central European Summer Time)
PUT /api/user/teacher/ali.sbiaazayen@gmail.com 400 84 - 42.068 ms Sat Apr 02 2022 00:19:38 GMT+0200 (Central European Summer Time)
PUT /api/user/teacher/ali.sbiaazayen@gmail.com 400 84 - 43.505 ms Sat Apr 02 2022 00:22:03 GMT+0200 (Central European Summer Time)
PUT /api/user/teacher/ali.sbiaazayen@gmail.com 400 91 - 44.174 ms Sat Apr 02 2022 00:30:19 GMT+0200 (Central European Summer Time)
PUT /api/user/teacher/ali.sbiaazayen@gmail.com 400 91 - 48.911 ms Sat Apr 02 2022 00:31:58 GMT+0200 (Central European Summer Time)
GET /docs/ 304  - 8.476 ms Sat Apr 02 2022 18:27:38 GMT+0200 (Central European Summer Time)
GET /docs/swagger-ui-init.js 200 1306 - 0.629 ms Sat Apr 02 2022 18:27:38 GMT+0200 (Central European Summer Time)
GET /docs/swagger-ui.css 200 143980 - 12.923 ms Sat Apr 02 2022 18:27:38 GMT+0200 (Central European Summer Time)
GET /docs/swagger-ui-standalone-preset.js 200 339540 - 8.045 ms Sat Apr 02 2022 18:27:38 GMT+0200 (Central European Summer Time)
GET /docs/swagger-ui-bundle.js 200 1095130 - 10.063 ms Sat Apr 02 2022 18:27:38 GMT+0200 (Central European Summer Time)
GET /docs/ 304  - 5.969 ms Sat Apr 02 2022 19:44:19 GMT+0200 (Central European Summer Time)
GET /docs/swagger-ui.css 304  - 6.166 ms Sat Apr 02 2022 19:44:19 GMT+0200 (Central European Summer Time)
GET /docs/swagger-ui-bundle.js 304  - 5.311 ms Sat Apr 02 2022 19:44:19 GMT+0200 (Central European Summer Time)
GET /docs/swagger-ui-standalone-preset.js 304  - 2.084 ms Sat Apr 02 2022 19:44:19 GMT+0200 (Central European Summer Time)
GET /docs/swagger-ui-init.js 200 1451 - 1.066 ms Sat Apr 02 2022 19:44:19 GMT+0200 (Central European Summer Time)
GET /docs/favicon-32x32.png 200 628 - 4.298 ms Sat Apr 02 2022 19:44:19 GMT+0200 (Central European Summer Time)
GET /docs/ 304  - 3.347 ms Sat Apr 02 2022 21:00:13 GMT+0200 (Central European Summer Time)
GET /docs/swagger-ui.css 304  - 1.598 ms Sat Apr 02 2022 21:00:13 GMT+0200 (Central European Summer Time)
GET /docs/swagger-ui-bundle.js 304  - 0.639 ms Sat Apr 02 2022 21:00:13 GMT+0200 (Central European Summer Time)
GET /docs/swagger-ui-init.js 200 2220 - 0.288 ms Sat Apr 02 2022 21:00:13 GMT+0200 (Central European Summer Time)
GET /docs/swagger-ui-standalone-preset.js 304  - 1.455 ms Sat Apr 02 2022 21:00:13 GMT+0200 (Central European Summer Time)
GET /docs/favicon-32x32.png 304  - 0.425 ms Sat Apr 02 2022 21:00:13 GMT+0200 (Central European Summer Time)
POST /api/user/teacher 404 255 - 12.288 ms Sat Apr 02 2022 21:00:22 GMT+0200 (Central European Summer Time)
POST /api/user/teacher 404 255 - 1.591 ms Sat Apr 02 2022 21:00:28 GMT+0200 (Central European Summer Time)
GET /docs/ 304  - 3.639 ms Sat Apr 02 2022 21:04:55 GMT+0200 (Central European Summer Time)
GET /docs/swagger-ui.css 304  - 2.370 ms Sat Apr 02 2022 21:04:55 GMT+0200 (Central European Summer Time)
GET /docs/swagger-ui-bundle.js 304  - 1.775 ms Sat Apr 02 2022 21:04:55 GMT+0200 (Central European Summer Time)
GET /docs/swagger-ui-init.js 200 2481 - 0.284 ms Sat Apr 02 2022 21:04:55 GMT+0200 (Central European Summer Time)
GET /docs/swagger-ui-standalone-preset.js 304  - 1.453 ms Sat Apr 02 2022 21:04:55 GMT+0200 (Central European Summer Time)
GET /docs/favicon-32x32.png 304  - 0.458 ms Sat Apr 02 2022 21:04:55 GMT+0200 (Central European Summer Time)
POST /api/user/teacher 404 255 - 8.421 ms Sat Apr 02 2022 21:06:11 GMT+0200 (Central European Summer Time)
GET /docs/ 304  - 3.738 ms Sat Apr 02 2022 21:07:49 GMT+0200 (Central European Summer Time)
GET /docs/swagger-ui-init.js 200 2527 - 0.412 ms Sat Apr 02 2022 21:07:50 GMT+0200 (Central European Summer Time)
GET /docs/swagger-ui.css 304  - 4.352 ms Sat Apr 02 2022 21:07:50 GMT+0200 (Central European Summer Time)
GET /docs/swagger-ui-bundle.js 304  - 4.079 ms Sat Apr 02 2022 21:07:50 GMT+0200 (Central European Summer Time)
GET /docs/swagger-ui-standalone-preset.js 304  - 3.452 ms Sat Apr 02 2022 21:07:50 GMT+0200 (Central European Summer Time)
GET /docs/favicon-32x32.png 304  - 0.496 ms Sat Apr 02 2022 21:07:50 GMT+0200 (Central European Summer Time)
GET /docs/ 304  - 3.821 ms Sat Apr 02 2022 21:11:38 GMT+0200 (Central European Summer Time)
GET /docs/swagger-ui-init.js 200 2606 - 0.466 ms Sat Apr 02 2022 21:11:38 GMT+0200 (Central European Summer Time)
GET /docs/swagger-ui.css 304  - 4.283 ms Sat Apr 02 2022 21:11:38 GMT+0200 (Central European Summer Time)
GET /docs/swagger-ui-bundle.js 304  - 3.342 ms Sat Apr 02 2022 21:11:38 GMT+0200 (Central European Summer Time)
GET /docs/swagger-ui-standalone-preset.js 304  - 2.905 ms Sat Apr 02 2022 21:11:38 GMT+0200 (Central European Summer Time)
GET /docs/favicon-32x32.png 304  - 0.367 ms Sat Apr 02 2022 21:11:38 GMT+0200 (Central European Summer Time)
GET /docs/ 304  - 4.052 ms Sat Apr 02 2022 21:13:49 GMT+0200 (Central European Summer Time)
GET /docs/swagger-ui.css 304  - 1.532 ms Sat Apr 02 2022 21:13:49 GMT+0200 (Central European Summer Time)
GET /docs/swagger-ui-standalone-preset.js 304  - 1.113 ms Sat Apr 02 2022 21:13:49 GMT+0200 (Central European Summer Time)
GET /docs/swagger-ui-bundle.js 304  - 0.837 ms Sat Apr 02 2022 21:13:49 GMT+0200 (Central European Summer Time)
GET /docs/swagger-ui-init.js 200 2699 - 0.308 ms Sat Apr 02 2022 21:13:49 GMT+0200 (Central European Summer Time)
GET /docs/favicon-32x32.png 304  - 0.646 ms Sat Apr 02 2022 21:13:49 GMT+0200 (Central European Summer Time)
GET /docs/ 304  - 8.060 ms Wed Apr 06 2022 23:25:56 GMT+0200 (Central European Summer Time)
GET /docs/swagger-ui.css 304  - 3.015 ms Wed Apr 06 2022 23:25:56 GMT+0200 (Central European Summer Time)
GET /docs/swagger-ui-init.js 304  - 0.305 ms Wed Apr 06 2022 23:25:56 GMT+0200 (Central European Summer Time)
GET /docs/swagger-ui-bundle.js 304  - 3.377 ms Wed Apr 06 2022 23:25:56 GMT+0200 (Central European Summer Time)
GET /docs/swagger-ui-standalone-preset.js 304  - 2.978 ms Wed Apr 06 2022 23:25:56 GMT+0200 (Central European Summer Time)
GET / 304  - 2.267 ms Fri Apr 08 2022 15:28:22 GMT+0200 (Central European Summer Time)
GET /favicon.ico 404 150 - 1.579 ms Fri Apr 08 2022 15:28:23 GMT+0200 (Central European Summer Time)
GET /swagger 404 146 - 0.524 ms Fri Apr 08 2022 15:28:27 GMT+0200 (Central European Summer Time)
GET /docs/ 304  - 1.813 ms Fri Apr 08 2022 15:28:43 GMT+0200 (Central European Summer Time)
GET /docs/swagger-ui.css 304  - 2.250 ms Fri Apr 08 2022 15:28:43 GMT+0200 (Central European Summer Time)
GET /docs/swagger-ui-init.js 304  - 0.201 ms Fri Apr 08 2022 15:28:43 GMT+0200 (Central European Summer Time)
GET /docs/swagger-ui-bundle.js 304  - 0.791 ms Fri Apr 08 2022 15:28:43 GMT+0200 (Central European Summer Time)
GET /docs/swagger-ui-standalone-preset.js 304  - 0.667 ms Fri Apr 08 2022 15:28:43 GMT+0200 (Central European Summer Time)
